<?xml version="1.0" encoding="UTF-8"?>
<!-- Generated by org.testng.reporters.JUnitReportReporter -->
<testsuite hostname="INBOOK_X2_PLUS" failures="0" tests="5" name="guru99.EcommerceProject.RunnerClasses.TestNGCucumberRunner" time="125.732" errors="0" timestamp="2024-08-02T12:57:22 IST" skipped="0">
  <testcase classname="guru99.EcommerceProject.RunnerClasses.TestNGCucumberRunner" name="runScenario" time="13.059"/>
  <testcase classname="guru99.EcommerceProject.RunnerClasses.TestNGCucumberRunner" name="runScenario" time="20.490"/>
  <testcase classname="guru99.EcommerceProject.RunnerClasses.TestNGCucumberRunner" name="runScenario" time="19.653"/>
  <testcase classname="guru99.EcommerceProject.RunnerClasses.TestNGCucumberRunner" name="runScenario" time="28.773"/>
  <testcase classname="guru99.EcommerceProject.RunnerClasses.TestNGCucumberRunner" name="runScenario" time="43.757"/>
</testsuite> <!-- guru99.EcommerceProject.RunnerClasses.TestNGCucumberRunner -->
