<?xml version="1.0" encoding="UTF-8"?>
<!-- Generated by org.testng.reporters.JUnitReportReporter -->
<testsuite hostname="INBOOK_X2_PLUS" failures="0" tests="4" name="guru99.EcommerceProject.RunnerClasses.TestNGCucumberRunner" time="56.228" errors="0" timestamp="2024-08-01T14:51:34 IST" skipped="0">
  <testcase classname="guru99.EcommerceProject.RunnerClasses.TestNGCucumberRunner" name="runScenario" time="11.123"/>
  <testcase classname="guru99.EcommerceProject.RunnerClasses.TestNGCucumberRunner" name="runScenario" time="17.690"/>
  <testcase classname="guru99.EcommerceProject.RunnerClasses.TestNGCucumberRunner" name="runScenario" time="12.697"/>
  <testcase classname="guru99.EcommerceProject.RunnerClasses.TestNGCucumberRunner" name="runScenario" time="14.718"/>
</testsuite> <!-- guru99.EcommerceProject.RunnerClasses.TestNGCucumberRunner -->
